24052018-10:25:08 -> Verificando alterações nos pedidos
24052018-10:25:09 -> Enviando email de novo pedido nro.: 120037, para os emails: financeiro@rauter.com.br;silvia.muniz@rauter.com.br
24052018-10:25:10 -> Enviando email de novo pedido nro.: 120040, para os emails: financeiro@rauter.com.br;silvia.muniz@rauter.com.br
24052018-10:25:10 -> Enviando email de novo pedido nro.: 120002, para os emails: financeiro@rauter.com.br;silvia.muniz@rauter.com.br
24052018-10:25:11 -> Enviando email de novo pedido nro.: 120011, para os emails: financeiro@rauter.com.br;silvia.muniz@rauter.com.br
24052018-10:25:11 -> Enviando email de novo pedido nro.: 120029, para os emails: financeiro@rauter.com.br;silvia.muniz@rauter.com.br
24052018-10:25:11 -> Enviando email de novo pedido nro.: 120042, para os emails: financeiro@rauter.com.br;silvia.muniz@rauter.com.br
24052018-10:25:11 -> Enviando email de novo pedido nro.: 120036, para os emails: financeiro@rauter.com.br;silvia.muniz@rauter.com.br
24052018-10:25:12 -> Enviando email de novo pedido nro.: 119998, para os emails: financeiro@rauter.com.br;silvia.muniz@rauter.com.br
24052018-10:25:12 -> Enviando email de novo pedido nro.: 120016, para os emails: financeiro@rauter.com.br;silvia.muniz@rauter.com.br
24052018-10:25:13 -> Enviando email de novo pedido nro.: 120014, para os emails: financeiro@rauter.com.br;silvia.muniz@rauter.com.br
24052018-10:25:13 -> Enviando email de novo pedido nro.: 120003, para os emails: financeiro@rauter.com.br;silvia.muniz@rauter.com.br
24052018-10:25:13 -> Enviando email de novo pedido nro.: 120044, para os emails: financeiro@rauter.com.br;silvia.muniz@rauter.com.br
24052018-10:25:13 -> Enviando email de novo pedido nro.: 120013, para os emails: financeiro@rauter.com.br;silvia.muniz@rauter.com.br
24052018-10:25:14 -> Enviando email de novo pedido nro.: 119556, para os emails: financeiro@rauter.com.br;silvia.muniz@rauter.com.br
24052018-10:25:14 -> Enviando email de novo pedido nro.: 120028, para os emails: financeiro@rauter.com.br;silvia.muniz@rauter.com.br
24052018-10:25:14 -> Enviando email de novo pedido nro.: 120034, para os emails: financeiro@rauter.com.br;silvia.muniz@rauter.com.br
24052018-10:25:14 -> Enviando email de novo pedido nro.: 120041, para os emails: financeiro@rauter.com.br;silvia.muniz@rauter.com.br
24052018-10:25:15 -> Enviando email de novo pedido nro.: 120035, para os emails: financeiro@rauter.com.br;silvia.muniz@rauter.com.br
24052018-10:25:15 -> Enviando email de novo pedido nro.: 119993, para os emails: financeiro@rauter.com.br;silvia.muniz@rauter.com.br
24052018-10:25:15 -> Enviando email de novo pedido nro.: 120033, para os emails: financeiro@rauter.com.br;silvia.muniz@rauter.com.br
24052018-10:25:15 -> Enviando email de novo pedido nro.: 120031, para os emails: financeiro@rauter.com.br;silvia.muniz@rauter.com.br
24052018-10:27:08 -> Verificando alterações nos pedidos
24052018-10:29:08 -> Verificando alterações nos pedidos
24052018-10:31:08 -> Verificando alterações nos pedidos
24052018-10:33:08 -> Verificando alterações nos pedidos
24052018-10:35:08 -> Verificando alterações nos pedidos
24052018-10:35:10 -> Enviando email de novo pedido nro.: 120045, para os emails: financeiro@rauter.com.br;silvia.muniz@rauter.com.br
24052018-10:37:08 -> Verificando alterações nos pedidos
24052018-10:39:08 -> Verificando alterações nos pedidos
24052018-10:39:10 -> Enviando email de novo pedido nro.: 120046, para os emails: financeiro@rauter.com.br;silvia.muniz@rauter.com.br
24052018-10:41:08 -> Verificando alterações nos pedidos
24052018-10:41:10 -> Enviando email de pedido alterado nro.: 120046, para os emails: financeiro@rauter.com.br;silvia.muniz@rauter.com.br
24052018-10:43:08 -> Verificando alterações nos pedidos
24052018-10:45:08 -> Verificando alterações nos pedidos
24052018-10:47:08 -> Verificando alterações nos pedidos
24052018-10:47:09 -> Enviando email de pedido alterado nro.: 120046, para os emails: financeiro@rauter.com.br;silvia.muniz@rauter.com.br
24052018-10:49:08 -> Verificando alterações nos pedidos
24052018-10:59:13 -> Verificando alterações nos pedidos
24052018-10:59:14 -> Enviando email de novo pedido nro.: 119284, para os emails: financeiro@rauter.com.br;silvia.muniz@rauter.com.br
24052018-10:59:14 -> Enviando email de novo pedido nro.: 120025, para os emails: financeiro@rauter.com.br;silvia.muniz@rauter.com.br
24052018-10:59:15 -> Enviando email de novo pedido nro.: 119672, para os emails: financeiro@rauter.com.br;silvia.muniz@rauter.com.br
24052018-10:59:15 -> Enviando email de novo pedido nro.: 120038, para os emails: financeiro@rauter.com.br;silvia.muniz@rauter.com.br
24052018-10:59:15 -> Enviando email de novo pedido nro.: 119877, para os emails: financeiro@rauter.com.br;silvia.muniz@rauter.com.br
24052018-10:59:15 -> Enviando email de novo pedido nro.: 119709, para os emails: financeiro@rauter.com.br;silvia.muniz@rauter.com.br
24052018-10:59:16 -> Enviando email de novo pedido nro.: 119956, para os emails: financeiro@rauter.com.br;silvia.muniz@rauter.com.br
24052018-10:59:16 -> Enviando email de novo pedido nro.: 120004, para os emails: financeiro@rauter.com.br;silvia.muniz@rauter.com.br
24052018-10:59:16 -> Enviando email de novo pedido nro.: 120047, para os emails: financeiro@rauter.com.br;silvia.muniz@rauter.com.br
24052018-10:59:17 -> Enviando email de novo pedido nro.: 120032, para os emails: financeiro@rauter.com.br;silvia.muniz@rauter.com.br
24052018-10:59:18 -> Enviando email de novo pedido nro.: 120005, para os emails: financeiro@rauter.com.br;silvia.muniz@rauter.com.br
13092018-12:09:00 -> Verificando alterações nos pedidos
13092018-12:34:57 -> Verificando alterações nos pedidos
13092018-12:53:24 -> Verificando alterações nos pedidos
13092018-12:53:25 -> Enviando email de novo pedido nro.: 122906, para os emails: financeiro@rauter.com.br;silvia.muniz@rauter.com.br
13092018-12:53:29 -> Enviando email de novo pedido nro.: 122915, para os emails: financeiro@rauter.com.br;silvia.muniz@rauter.com.br
13092018-12:53:29 -> Enviando email de novo pedido nro.: 122852, para os emails: financeiro@rauter.com.br;silvia.muniz@rauter.com.br
13092018-12:53:30 -> Enviando email de novo pedido nro.: 122809, para os emails: financeiro@rauter.com.br;silvia.muniz@rauter.com.br
13092018-12:53:30 -> Enviando email de novo pedido nro.: 122798, para os emails: financeiro@rauter.com.br;silvia.muniz@rauter.com.br
13092018-12:53:30 -> Enviando email de novo pedido nro.: 122887, para os emails: financeiro@rauter.com.br;silvia.muniz@rauter.com.br
13092018-12:53:30 -> Enviando email de novo pedido nro.: 122517, para os emails: financeiro@rauter.com.br;silvia.muniz@rauter.com.br
13092018-12:53:31 -> Enviando email de novo pedido nro.: 122830, para os emails: financeiro@rauter.com.br;silvia.muniz@rauter.com.br
13092018-12:53:31 -> Enviando email de novo pedido nro.: 122816, para os emails: financeiro@rauter.com.br;silvia.muniz@rauter.com.br
13092018-12:53:31 -> Enviando email de novo pedido nro.: 122904, para os emails: financeiro@rauter.com.br;silvia.muniz@rauter.com.br
13092018-12:53:31 -> Enviando email de novo pedido nro.: 122912, para os emails: financeiro@rauter.com.br;silvia.muniz@rauter.com.br
13092018-12:53:32 -> Enviando email de novo pedido nro.: 122683, para os emails: financeiro@rauter.com.br;silvia.muniz@rauter.com.br
13092018-12:53:32 -> Enviando email de novo pedido nro.: 122914, para os emails: financeiro@rauter.com.br;silvia.muniz@rauter.com.br
13092018-12:53:32 -> Enviando email de novo pedido nro.: 122901, para os emails: financeiro@rauter.com.br;silvia.muniz@rauter.com.br
13092018-12:53:32 -> Enviando email de novo pedido nro.: 122911, para os emails: financeiro@rauter.com.br;silvia.muniz@rauter.com.br
13092018-12:53:33 -> Enviando email de novo pedido nro.: 122909, para os emails: financeiro@rauter.com.br;silvia.muniz@rauter.com.br
13092018-12:53:33 -> Enviando email de novo pedido nro.: 122530, para os emails: financeiro@rauter.com.br;silvia.muniz@rauter.com.br
13092018-12:53:33 -> Enviando email de novo pedido nro.: 122917, para os emails: financeiro@rauter.com.br;silvia.muniz@rauter.com.br
13092018-12:53:34 -> Enviando email de novo pedido nro.: 122913, para os emails: financeiro@rauter.com.br;silvia.muniz@rauter.com.br
13092018-12:53:34 -> Enviando email de novo pedido nro.: 122572, para os emails: financeiro@rauter.com.br;silvia.muniz@rauter.com.br
13092018-12:53:34 -> Enviando email de novo pedido nro.: 122888, para os emails: financeiro@rauter.com.br;silvia.muniz@rauter.com.br
13092018-12:53:34 -> Enviando email de novo pedido nro.: 122916, para os emails: financeiro@rauter.com.br;silvia.muniz@rauter.com.br
13092018-12:53:35 -> Enviando email de novo pedido nro.: 122367, para os emails: financeiro@rauter.com.br;silvia.muniz@rauter.com.br
13092018-12:53:35 -> Enviando email de novo pedido nro.: 122890, para os emails: financeiro@rauter.com.br;silvia.muniz@rauter.com.br
13092018-12:53:35 -> Enviando email de novo pedido nro.: 122897, para os emails: financeiro@rauter.com.br;silvia.muniz@rauter.com.br
13092018-12:53:35 -> Enviando email de novo pedido nro.: 122919, para os emails: financeiro@rauter.com.br;silvia.muniz@rauter.com.br
13092018-12:53:36 -> Enviando email de novo pedido nro.: 122905, para os emails: financeiro@rauter.com.br;silvia.muniz@rauter.com.br
13092018-12:53:36 -> Enviando email de novo pedido nro.: 122884, para os emails: financeiro@rauter.com.br;silvia.muniz@rauter.com.br
13092018-12:53:36 -> Enviando email de novo pedido nro.: 122918, para os emails: financeiro@rauter.com.br;silvia.muniz@rauter.com.br
13092018-12:55:24 -> Verificando alterações nos pedidos
13092018-12:57:24 -> Verificando alterações nos pedidos
13092018-12:59:24 -> Verificando alterações nos pedidos
13092018-19:31:40 -> Verificando alterações nos pedidos
13092018-19:31:41 -> Enviando email de novo pedido nro.: 122932, para os emails: financeiro@rauter.com.br;silvia.muniz@rauter.com.br
13092018-19:31:42 -> Enviando email de novo pedido nro.: 122935, para os emails: financeiro@rauter.com.br;silvia.muniz@rauter.com.br
13092018-19:31:42 -> Enviando email de novo pedido nro.: 122936, para os emails: financeiro@rauter.com.br;silvia.muniz@rauter.com.br
13092018-19:31:42 -> Enviando email de novo pedido nro.: 122934, para os emails: financeiro@rauter.com.br;silvia.muniz@rauter.com.br
13092018-19:31:42 -> Enviando email de novo pedido nro.: 122927, para os emails: financeiro@rauter.com.br;silvia.muniz@rauter.com.br
13092018-19:31:43 -> Enviando email de novo pedido nro.: 122922, para os emails: financeiro@rauter.com.br;silvia.muniz@rauter.com.br
13092018-19:31:43 -> Enviando email de novo pedido nro.: 122933, para os emails: financeiro@rauter.com.br;silvia.muniz@rauter.com.br
13092018-19:31:43 -> Enviando email de novo pedido nro.: 122931, para os emails: financeiro@rauter.com.br;silvia.muniz@rauter.com.br
13092018-19:33:28 -> Verificando alterações nos pedidos
13092018-19:34:30 -> Verificando alterações nos pedidos
13092018-19:37:21 -> Verificando alterações nos pedidos
13092018-19:38:09 -> Verificando alterações nos pedidos
13092018-19:38:27 -> Verificando alterações nos pedidos
13092018-19:40:27 -> Verificando alterações nos pedidos
13092018-19:41:28 -> Verificando alterações nos pedidos
13092018-19:45:43 -> Verificando alterações nos pedidos
13092018-19:46:12 -> Enviando email consulta: VendasMargemBaixaOntem, para os emails: marcelorauter@gmail.com
13092018-19:47:43 -> Verificando alterações nos pedidos
13092018-19:48:22 -> Verificando alterações nos pedidos
13092018-19:48:28 -> Enviando email consulta: VendasMargemBaixaOntem, para os emails: marcelorauter@gmail.com
13092018-19:50:22 -> Verificando alterações nos pedidos
13092018-19:52:22 -> Verificando alterações nos pedidos
13092018-19:54:22 -> Verificando alterações nos pedidos
14092018-15:13:20 -> Verificando alterações nos pedidos
14092018-15:13:22 -> Enviando email de novo pedido nro.: 122947, para os emails: financeiro@rauter.com.br;silvia.muniz@rauter.com.br
14092018-15:13:23 -> Enviando email de novo pedido nro.: 122542, para os emails: financeiro@rauter.com.br;silvia.muniz@rauter.com.br
14092018-15:13:23 -> Enviando email de novo pedido nro.: 122842, para os emails: financeiro@rauter.com.br;silvia.muniz@rauter.com.br
14092018-15:13:24 -> Enviando email de novo pedido nro.: 122415, para os emails: financeiro@rauter.com.br;silvia.muniz@rauter.com.br
14092018-15:13:24 -> Enviando email de pedido alterado nro.: 122932, para os emails: financeiro@rauter.com.br;silvia.muniz@rauter.com.br
14092018-15:13:24 -> Enviando email de novo pedido nro.: 122764, para os emails: financeiro@rauter.com.br;silvia.muniz@rauter.com.br
14092018-15:13:24 -> Enviando email de novo pedido nro.: 122566, para os emails: financeiro@rauter.com.br;silvia.muniz@rauter.com.br
14092018-15:13:25 -> Enviando email de novo pedido nro.: 122957, para os emails: financeiro@rauter.com.br;silvia.muniz@rauter.com.br
14092018-15:13:25 -> Enviando email de novo pedido nro.: 122945, para os emails: financeiro@rauter.com.br;silvia.muniz@rauter.com.br
14092018-15:13:25 -> Enviando email de novo pedido nro.: 122950, para os emails: financeiro@rauter.com.br;silvia.muniz@rauter.com.br
14092018-15:13:25 -> Enviando email de novo pedido nro.: 122940, para os emails: financeiro@rauter.com.br;silvia.muniz@rauter.com.br
14092018-15:13:26 -> Enviando email de novo pedido nro.: 122956, para os emails: financeiro@rauter.com.br;silvia.muniz@rauter.com.br
14092018-15:13:26 -> Enviando email de novo pedido nro.: 122959, para os emails: financeiro@rauter.com.br;silvia.muniz@rauter.com.br
14092018-15:13:26 -> Enviando email de novo pedido nro.: 122943, para os emails: financeiro@rauter.com.br;silvia.muniz@rauter.com.br
14092018-15:13:27 -> Enviando email de novo pedido nro.: 122961, para os emails: financeiro@rauter.com.br;silvia.muniz@rauter.com.br
14092018-15:13:27 -> Enviando email de novo pedido nro.: 122953, para os emails: financeiro@rauter.com.br;silvia.muniz@rauter.com.br
14092018-15:13:28 -> Enviando email de pedido alterado nro.: 122890, para os emails: financeiro@rauter.com.br;silvia.muniz@rauter.com.br
14092018-15:13:29 -> Enviando email de novo pedido nro.: 122954, para os emails: financeiro@rauter.com.br;silvia.muniz@rauter.com.br
14092018-15:13:30 -> Enviando email de novo pedido nro.: 122958, para os emails: financeiro@rauter.com.br;silvia.muniz@rauter.com.br
14092018-15:13:31 -> Enviando email de novo pedido nro.: 122941, para os emails: financeiro@rauter.com.br;silvia.muniz@rauter.com.br
14092018-15:14:21 -> Enviando email consulta: VendasMargemBaixaOntem, para os emails: marcelorauter@gmail.com
14092018-16:10:41 -> Verificando alterações nos pedidos
14092018-16:10:42 -> Enviando email de novo pedido nro.: 122962, para os emails: financeiro@rauter.com.br;silvia.muniz@rauter.com.br
14092018-16:10:43 -> Enviando email de pedido alterado nro.: 122959, para os emails: financeiro@rauter.com.br;silvia.muniz@rauter.com.br
14092018-16:10:43 -> Enviando email de novo pedido nro.: 122960, para os emails: financeiro@rauter.com.br;silvia.muniz@rauter.com.br
14092018-16:10:43 -> Enviando email de novo pedido nro.: 122963, para os emails: financeiro@rauter.com.br;silvia.muniz@rauter.com.br
14092018-16:11:01 -> Enviando email consulta: VendasMargemBaixaOntem, para os emails: marcelorauter@gmail.com
14092018-16:12:41 -> Verificando alterações nos pedidos
14092018-16:13:28 -> Verificando alterações nos pedidos
14092018-16:15:59 -> Enviando email consulta: VendasMargemBaixaOntem, para os emails: marcelorauter@gmail.com
14092018-16:16:31 -> Verificando alterações nos pedidos
14092018-16:16:50 -> Verificando alterações nos pedidos
14092018-16:16:59 -> Enviando email consulta: VendasMargemBaixaOntem, para os emails: marcelorauter@gmail.com
14092018-16:18:50 -> Verificando alterações nos pedidos
14092018-16:20:50 -> Verificando alterações nos pedidos
14092018-16:22:50 -> Verificando alterações nos pedidos
14092018-16:24:50 -> Verificando alterações nos pedidos
14092018-16:26:50 -> Verificando alterações nos pedidos
14092018-16:28:50 -> Verificando alterações nos pedidos
14092018-16:28:51 -> Enviando email de novo pedido nro.: 122964, para os emails: financeiro@rauter.com.br;silvia.muniz@rauter.com.br
14092018-16:30:50 -> Verificando alterações nos pedidos
14092018-16:32:50 -> Verificando alterações nos pedidos
14092018-16:32:53 -> Enviando email de pedido alterado nro.: 122964, para os emails: financeiro@rauter.com.br;silvia.muniz@rauter.com.br
14092018-16:34:50 -> Verificando alterações nos pedidos
14092018-16:36:50 -> Verificando alterações nos pedidos
14092018-16:38:50 -> Verificando alterações nos pedidos
14092018-16:40:50 -> Verificando alterações nos pedidos
14092018-16:42:50 -> Verificando alterações nos pedidos
14092018-16:44:50 -> Verificando alterações nos pedidos
14092018-16:44:51 -> Enviando email de novo pedido nro.: 122706, para os emails: financeiro@rauter.com.br;silvia.muniz@rauter.com.br
14092018-16:44:52 -> Enviando email de novo pedido nro.: 122965, para os emails: financeiro@rauter.com.br;silvia.muniz@rauter.com.br
14092018-16:46:50 -> Verificando alterações nos pedidos
14092018-16:48:50 -> Verificando alterações nos pedidos
14092018-16:48:52 -> Enviando email de pedido alterado nro.: 122706, para os emails: financeiro@rauter.com.br;silvia.muniz@rauter.com.br
14092018-16:48:53 -> Enviando email de novo pedido nro.: 122966, para os emails: financeiro@rauter.com.br;silvia.muniz@rauter.com.br
14092018-16:48:53 -> Enviando email de pedido alterado nro.: 122954, para os emails: financeiro@rauter.com.br;silvia.muniz@rauter.com.br
14092018-16:50:50 -> Verificando alterações nos pedidos
14092018-16:50:52 -> Enviando email de pedido alterado nro.: 122706, para os emails: financeiro@rauter.com.br;silvia.muniz@rauter.com.br
14092018-16:50:52 -> Enviando email de pedido alterado nro.: 122966, para os emails: financeiro@rauter.com.br;silvia.muniz@rauter.com.br
14092018-16:52:50 -> Verificando alterações nos pedidos
14092018-16:54:50 -> Verificando alterações nos pedidos
14092018-16:56:50 -> Verificando alterações nos pedidos
14092018-16:56:51 -> Enviando email de novo pedido nro.: 122967, para os emails: financeiro@rauter.com.br;silvia.muniz@rauter.com.br
14092018-16:56:53 -> Enviando email de pedido alterado nro.: 122966, para os emails: financeiro@rauter.com.br;silvia.muniz@rauter.com.br
14092018-16:58:50 -> Verificando alterações nos pedidos
14092018-17:00:50 -> Verificando alterações nos pedidos
14092018-17:00:51 -> Enviando email de novo pedido nro.: 122967, para os emails: financeiro@rauter.com.br;silvia.muniz@rauter.com.br
14092018-17:00:52 -> Enviando email de novo pedido nro.: 122968, para os emails: financeiro@rauter.com.br;silvia.muniz@rauter.com.br
14092018-17:02:50 -> Verificando alterações nos pedidos
14092018-17:02:53 -> Enviando email de pedido alterado nro.: 122966, para os emails: financeiro@rauter.com.br;silvia.muniz@rauter.com.br
14092018-17:04:50 -> Verificando alterações nos pedidos
14092018-17:04:51 -> Enviando email de pedido alterado nro.: 122967, para os emails: financeiro@rauter.com.br;silvia.muniz@rauter.com.br
14092018-17:04:52 -> Enviando email de pedido alterado nro.: 122966, para os emails: financeiro@rauter.com.br;silvia.muniz@rauter.com.br
14092018-17:06:50 -> Verificando alterações nos pedidos
14092018-17:06:51 -> Enviando email de pedido alterado nro.: 122968, para os emails: financeiro@rauter.com.br;silvia.muniz@rauter.com.br
14092018-17:08:50 -> Verificando alterações nos pedidos
14092018-17:08:52 -> Enviando email de pedido alterado nro.: 122959, para os emails: financeiro@rauter.com.br;silvia.muniz@rauter.com.br
14092018-17:08:53 -> Enviando email de novo pedido nro.: 122970, para os emails: financeiro@rauter.com.br;silvia.muniz@rauter.com.br
14092018-17:08:53 -> Enviando email de pedido alterado nro.: 122963, para os emails: financeiro@rauter.com.br;silvia.muniz@rauter.com.br
14092018-17:10:50 -> Verificando alterações nos pedidos
14092018-17:10:52 -> Enviando email de pedido alterado nro.: 122957, para os emails: financeiro@rauter.com.br;silvia.muniz@rauter.com.br
14092018-17:12:50 -> Verificando alterações nos pedidos
14092018-17:12:53 -> Enviando email de novo pedido nro.: 122969, para os emails: financeiro@rauter.com.br;silvia.muniz@rauter.com.br
14092018-17:14:50 -> Verificando alterações nos pedidos
14092018-17:14:52 -> Enviando email de pedido alterado nro.: 122970, para os emails: financeiro@rauter.com.br;silvia.muniz@rauter.com.br
14092018-17:16:50 -> Verificando alterações nos pedidos
14092018-17:16:51 -> Enviando email de pedido alterado nro.: 122970, para os emails: financeiro@rauter.com.br;silvia.muniz@rauter.com.br
14092018-17:18:50 -> Verificando alterações nos pedidos
14092018-17:18:52 -> Enviando email de novo pedido nro.: 122971, para os emails: financeiro@rauter.com.br;silvia.muniz@rauter.com.br
14092018-17:20:50 -> Verificando alterações nos pedidos
14092018-17:20:52 -> Enviando email de pedido alterado nro.: 122969, para os emails: financeiro@rauter.com.br;silvia.muniz@rauter.com.br
14092018-17:22:50 -> Verificando alterações nos pedidos
14092018-17:22:51 -> Enviando email de pedido alterado nro.: 122971, para os emails: financeiro@rauter.com.br;silvia.muniz@rauter.com.br
14092018-17:24:50 -> Verificando alterações nos pedidos
14092018-17:26:50 -> Verificando alterações nos pedidos
14092018-17:26:52 -> Enviando email de novo pedido nro.: 122972, para os emails: financeiro@rauter.com.br;silvia.muniz@rauter.com.br
14092018-17:28:50 -> Verificando alterações nos pedidos
14092018-17:30:50 -> Verificando alterações nos pedidos
14092018-17:32:50 -> Verificando alterações nos pedidos
14092018-17:32:53 -> Enviando email de pedido alterado nro.: 122972, para os emails: financeiro@rauter.com.br;silvia.muniz@rauter.com.br
14092018-17:34:50 -> Verificando alterações nos pedidos
14092018-17:34:51 -> Enviando email de pedido alterado nro.: 122965, para os emails: financeiro@rauter.com.br;silvia.muniz@rauter.com.br
14092018-17:36:50 -> Verificando alterações nos pedidos
14092018-17:38:50 -> Verificando alterações nos pedidos
14092018-17:40:50 -> Verificando alterações nos pedidos
14092018-17:42:50 -> Verificando alterações nos pedidos
14092018-17:44:50 -> Verificando alterações nos pedidos
14092018-17:46:50 -> Verificando alterações nos pedidos
14092018-17:48:50 -> Verificando alterações nos pedidos
14092018-17:50:50 -> Verificando alterações nos pedidos
14092018-17:52:50 -> Verificando alterações nos pedidos
14092018-17:54:50 -> Verificando alterações nos pedidos
14092018-17:56:50 -> Verificando alterações nos pedidos
14092018-17:58:50 -> Verificando alterações nos pedidos
14092018-18:00:50 -> Verificando alterações nos pedidos
14092018-18:02:50 -> Verificando alterações nos pedidos
14092018-18:04:50 -> Verificando alterações nos pedidos
14092018-18:06:50 -> Verificando alterações nos pedidos
14092018-18:08:50 -> Verificando alterações nos pedidos
14092018-18:10:50 -> Verificando alterações nos pedidos
14092018-18:12:50 -> Verificando alterações nos pedidos
14092018-18:14:50 -> Verificando alterações nos pedidos
14092018-18:16:50 -> Verificando alterações nos pedidos
14092018-18:18:50 -> Verificando alterações nos pedidos
14092018-18:20:50 -> Verificando alterações nos pedidos
14092018-18:22:50 -> Verificando alterações nos pedidos
14092018-18:24:50 -> Verificando alterações nos pedidos
14092018-18:26:50 -> Verificando alterações nos pedidos
14092018-18:28:50 -> Verificando alterações nos pedidos
14092018-18:30:50 -> Verificando alterações nos pedidos
14092018-18:32:50 -> Verificando alterações nos pedidos
14092018-18:34:50 -> Verificando alterações nos pedidos
14092018-18:36:50 -> Verificando alterações nos pedidos
14092018-18:38:50 -> Verificando alterações nos pedidos
14092018-18:40:50 -> Verificando alterações nos pedidos
14092018-18:42:50 -> Verificando alterações nos pedidos
14092018-18:44:50 -> Verificando alterações nos pedidos
14092018-18:46:50 -> Verificando alterações nos pedidos
14092018-18:48:50 -> Verificando alterações nos pedidos
14092018-18:50:50 -> Verificando alterações nos pedidos
14092018-18:52:50 -> Verificando alterações nos pedidos
14092018-18:54:50 -> Verificando alterações nos pedidos
14092018-18:56:50 -> Verificando alterações nos pedidos
14092018-18:58:50 -> Verificando alterações nos pedidos
14092018-19:00:50 -> Verificando alterações nos pedidos
14092018-19:02:50 -> Verificando alterações nos pedidos
14092018-19:04:50 -> Verificando alterações nos pedidos
14092018-19:06:50 -> Verificando alterações nos pedidos
14092018-19:08:50 -> Verificando alterações nos pedidos
14092018-19:10:50 -> Verificando alterações nos pedidos
14092018-19:12:50 -> Verificando alterações nos pedidos
14092018-19:14:50 -> Verificando alterações nos pedidos
14092018-19:16:50 -> Verificando alterações nos pedidos
14092018-19:18:50 -> Verificando alterações nos pedidos
14092018-19:20:50 -> Verificando alterações nos pedidos
14092018-19:22:50 -> Verificando alterações nos pedidos
14092018-19:24:50 -> Verificando alterações nos pedidos
14092018-19:26:50 -> Verificando alterações nos pedidos
14092018-19:28:50 -> Verificando alterações nos pedidos
14092018-19:30:50 -> Verificando alterações nos pedidos
14092018-19:32:50 -> Verificando alterações nos pedidos
14092018-19:34:50 -> Verificando alterações nos pedidos
14092018-19:36:50 -> Verificando alterações nos pedidos
14092018-19:38:50 -> Verificando alterações nos pedidos
14092018-19:40:50 -> Verificando alterações nos pedidos
14092018-19:42:50 -> Verificando alterações nos pedidos
14092018-19:44:50 -> Verificando alterações nos pedidos
14092018-19:46:50 -> Verificando alterações nos pedidos
14092018-19:48:50 -> Verificando alterações nos pedidos
14092018-19:50:50 -> Verificando alterações nos pedidos
14092018-19:52:50 -> Verificando alterações nos pedidos
14092018-19:54:50 -> Verificando alterações nos pedidos
14092018-19:56:50 -> Verificando alterações nos pedidos
14092018-19:58:50 -> Verificando alterações nos pedidos
14092018-20:00:50 -> Verificando alterações nos pedidos
14092018-20:02:50 -> Verificando alterações nos pedidos
14092018-20:04:50 -> Verificando alterações nos pedidos
14092018-20:06:50 -> Verificando alterações nos pedidos
14092018-20:08:50 -> Verificando alterações nos pedidos
01112018-15:46:29 -> Verificando alterações nos pedidos
01112018-15:50:34 -> Enviando email consulta: VendasMargemBaixaOntem, para os emails: marcelorauter@gmail.com
01112018-15:55:58 -> Enviando email consulta: VendasMargemBaixaOntem, para os emails: marcelorauter@gmail.com
01112018-16:07:29 -> Enviando email consulta: VendasMargemBaixaOntem, para os emails: marcelorauter@gmail.com
01112018-19:45:28 -> Enviando email consulta: VendasMargemBaixaOntem, para os emails: marcelorauter@gmail.com
05112018-12:44:56 -> Enviando email consulta: MargemPorVenda, para os emails: marcelorauter@gmail.com
05112018-12:46:24 -> Enviando email consulta: MargemPorVenda, para os emails: marcelorauter@gmail.com
05112018-15:02:46 -> Enviando email consulta: MargemPorVenda, para os emails: marcelorauter@gmail.com
05112018-16:07:53 -> Enviando email consulta: MargemPorVenda, para os emails: marcelorauter@gmail.com
05112018-16:25:49 -> Enviando email consulta: MargemPorVenda, para os emails: marcelorauter@gmail.com
05112018-16:27:00 -> Enviando email consulta: MargemPorVenda, para os emails: marcelorauter@gmail.com
05112018-16:29:52 -> Enviando email consulta: MargemPorVenda, para os emails: marcelorauter@gmail.com
05112018-19:44:34 -> Enviando email consulta: MargemPorVenda, para os emails: marcelorauter@gmail.com
05112018-19:46:03 -> Enviando email consulta: MargemPorVenda, para os emails: marcelorauter@gmail.com
05112018-19:51:30 -> Enviando email consulta: MargemPorVenda, para os emails: marcelorauter@gmail.com
06112018-10:50:28 -> Enviando email consulta: MargemPorVenda, para os emails: marcelorauter@gmail.com
06112018-11:17:27 -> Enviando email consulta: MargemPorVenda, para os emails: marcelorauter@gmail.com
06112018-19:01:59 -> Enviando email consulta: MetaVendedores, para os emails: marcelorauter@gmail.com
06112018-20:10:46 -> Enviando email consulta: MetaVendedores, para os emails: marcelorauter@gmail.com
06112018-20:15:09 -> Enviando email consulta: MetaVendedores, para os emails: marcelorauter@gmail.com; alessandra.rauter@gmail.com; ricardo@rauter.com.br
07112018-12:29:07 -> Enviando email consulta: MetaVendedores, para os emails: marcelorauter@gmail.com; alessandra.rauter@gmail.com; ricardo@rauter.com.br
07112018-19:21:05 -> Enviando email consulta: MetaVendedores, para os emails: marcelorauter@gmail.com; alessandra.rauter@gmail.com; ricardo@rauter.com.br
24012020-16:18:59 -> Script para atualizar lista de preço incializado.
24012020-16:21:40 -> Script para atualizar lista de preço incializado.
24012020-16:22:54 -> Script para atualizar lista de preço incializado.
24012020-16:25:22 -> Script para atualizar lista de preço incializado.
24012020-16:28:00 -> Script para atualizar lista de preço incializado.
24012020-16:28:57 -> Script para atualizar lista de preço incializado.
24012020-16:32:26 -> Script para atualizar lista de preço incializado.
24012020-16:35:02 -> Script para atualizar lista de preço incializado.
24012020-16:37:31 -> Script para atualizar lista de preço incializado.
24012020-19:12:11 -> Script para atualizar lista de preço incializado.
24012020-19:33:54 -> Script para atualizar lista de preço incializado.
24012020-19:39:30 -> Script para atualizar lista de preço incializado.
24012020-19:44:12 -> Script para atualizar lista de preço incializado.
24012020-20:01:38 -> Script para atualizar lista de preço incializado.
27012020-15:34:50 -> Script para atualizar lista de preço incializado.
27012020-15:36:57 -> Script para atualizar lista de preço incializado.
27012020-15:38:19 -> Script para atualizar lista de preço incializado.
