08112018-19:53:24 -> Socket Error # 10060
Connection timed out.
08112018-19:54:54 -> Socket Error # 10060
Connection timed out.
27112019-18:49:39 -> QryAvisos: Field 'Título' not found
03122019-12:17:22 -> Invalid pointer operation
03122019-12:20:21 -> Invalid pointer operation
09122019-12:58:29 -> QryAvisoConsulta: Field 'Descrição' not found
09122019-12:59:50 -> QryParametros: Duplicate field name 'IDParametro'
06082020-19:18:17 -> TOleDBConnection: OLEDB Error 80040E14 -   (line 1): Invalid column name 'ClassName'.
  (line 1): Invalid column name 'ExecutorClass'.
  (line 1): Invalid column name 'ExecOrder'.
  (line 1): Invalid column name 'className'.

06082020-19:18:19 -> TOleDBConnection: OLEDB Error 80040E14 -   (line 1): Invalid column name 'ClassName'.
  (line 1): Invalid column name 'ExecutorClass'.
  (line 1): Invalid column name 'ExecOrder'.
  (line 1): Invalid column name 'className'.

06082020-19:18:48 -> TOleDBConnection: OLEDB Error 80040E14 -   (line 1): Invalid column name 'ClassName'.
  (line 1): Invalid column name 'ExecutorClass'.
  (line 1): Invalid column name 'ExecOrder'.
  (line 1): Invalid column name 'className'.

06082020-19:18:54 -> TOleDBConnection: OLEDB Error 80040E14 -   (line 1): Invalid column name 'ClassName'.
  (line 1): Invalid column name 'ExecutorClass'.
  (line 1): Invalid column name 'ExecOrder'.
  (line 1): Invalid column name 'className'.

06082020-19:21:46 -> TOleDBConnection: OLEDB Error 80040E14 -   (line 1): Invalid column name 'ClassName'.
  (line 1): Invalid column name 'ExecutorClass'.
  (line 1): Invalid column name 'ExecOrder'.
  (line 1): Invalid column name 'className'.

07082020-10:21:50 -> TOleDBConnection: OLEDB Error 80040E14 -   (line 1): Invalid column name 'ClassName'.
  (line 1): Invalid column name 'ExecutorClass'.
  (line 1): Invalid column name 'ExecOrder'.
  (line 1): Invalid column name 'className'.

07082020-12:05:31 -> TOleDBConnection: OLEDB Error 80040E14 -   (line 1): Invalid column name 'ClassName'.
  (line 1): Invalid column name 'ExecutorClass'.
  (line 1): Invalid column name 'ExecOrder'.
  (line 1): Invalid column name 'className'.

11082020-11:40:37 -> TOleDBConnection: Erro não especificado -   (line 0): Provedor TCP: Foi forçado o cancelamento de uma conexão existente pelo host remoto.


11082020-11:42:00 -> TOleDBConnection: Erro não especificado - 
11082020-11:42:10 -> TOleDBConnection: Erro não especificado - 
11082020-11:42:15 -> TOleDBConnection: Erro não especificado - 
11082020-11:43:55 -> TActivityManager.GetProcessEditor: Editor "TExecutorConsultaPersonalizada" not registered.
11082020-11:47:06 -> TActivityManager.GetProcessEditor: Editor "TExecutorConsultaPersonalizada" not registered.
11082020-11:53:47 -> TActivityManager.GetProcessEditor: Editor "TExecutorSendMail" not registered.
11082020-12:12:21 -> ExportarCxGridParaImagem: Extensão .XLS não suportada!
11082020-14:58:54 -> TOleDBConnection: Erro não especificado -   (line 0): Provedor TCP: Foi forçado o cancelamento de uma conexão existente pelo host remoto.


11082020-14:58:57 -> TOleDBConnection: Erro não especificado - 
11082020-14:58:58 -> TOleDBConnection: Erro não especificado - 
11082020-14:59:07 -> TOleDBConnection: Erro não especificado - 
11082020-14:59:07 -> TOleDBConnection: Erro não especificado - 
11082020-14:59:07 -> TOleDBConnection: Erro não especificado - 
11082020-14:59:08 -> TOleDBConnection: Erro não especificado - 
11082020-14:59:14 -> TOleDBConnection: Erro não especificado - 
11082020-14:59:19 -> TOleDBConnection: Erro não especificado - 
11082020-14:59:19 -> TOleDBConnection: Erro não especificado - 
11082020-14:59:19 -> TOleDBConnection: Erro não especificado - 
11082020-14:59:19 -> TOleDBConnection: Erro não especificado - 
11082020-15:00:15 -> TOleDBConnection: Erro não especificado - 
11082020-15:00:32 -> TOleDBConnection: Erro não especificado - 
11082020-15:01:21 -> TOleDBConnection: Erro não especificado - 
11082020-15:04:58 -> TOleDBConnection: Erro não especificado - 
11082020-15:05:11 -> TOleDBConnection: Erro não especificado - 
11082020-15:11:28 -> TOleDBConnection: OLEDB Error 80040E14 -   (line 2): Incorrect syntax near '.'.

11082020-15:11:38 -> TOleDBConnection: OLEDB Error 80040E14 -   (line 2): Incorrect syntax near '.'.

11082020-15:11:40 -> TOleDBConnection: OLEDB Error 80040E14 -   (line 2): Incorrect syntax near '.'.

11082020-15:27:17 -> Could not convert variant of type (String) into type (Date)
11082020-15:50:50 -> Element EnvioDeEmail.Titulo: Invalid expression "{$@select count({@Consulta.Data})$} Vendas com margem abaixo de 16% em {$@select dbo.DataPorExtenso(getdate()-1)$}".
11082020-15:52:14 -> Element EnvioDeEmail.Titulo: Invalid expression "{$@select count(*) from {@Consulta.Data}$} Vendas com margem abaixo de 16% em {$@select dbo.DataPorExtenso(getdate()-1)$}".
11082020-15:53:18 -> Element EnvioDeEmail.Titulo: Invalid expression "{$@select count(*) from {@Consulta.Data$} Vendas com margem abaixo de 16% em {$@select dbo.DataPorExtenso(getdate()-1)$}".
11082020-17:29:04 -> TActivityParser.DoParseExpression: Exception ocurred on execution: TOleDBConnection: OLEDB Error 80040E14 -   (line 1): Incorrect syntax near '"010011   212324", "2020-08-10", "001", "QUIMECO QUÍMICA ECOLÓGICA LTDA ME", "102100", "METANOL TAMBOR 200 L ", "000232", "FERNA'.
  (line 1): Unclosed quotation mark after the character string '"010011   212324", "2020-08-10", "001", "QUIMECO QUÍMICA ECOLÓGICA LTDA ME", "102100", "METANOL TAMBOR 200 L ", "000232", "FERNAN'.
  (line 1): The identifier that starts with '"010011   212324", "2020-08-10", "001", "QUIMECO QUÍMICA ECOLÓGICA LTDA ME", "102100", "METANOL TAMBOR 200 L ", "000232", "FERNA' is too long. Maximum length is 128.
  (line 1): The identifier that starts with '"010011   212352", "2020-08-10", "001", "FREE TINTAS LTDA", "103109", "N-BUTANOL TAMBOR 200 L ", "000182", "WAGNER VEND 01", "00' is too long. Maximum length is 128.
  (line 1): The identifier that starts with '"010011   212312", "2020-08-10", "001", "GETTI QUIMICA LTDA", "101298", "DIACETONA ALCOOL   KG", "000041", "ANDERSON VEND 01", "' is too long. Maximum length is 128.
  (line 1): The identifier that starts with '"010011   212335", "2020-08-10", "001", "INDUTHERM TRATAMENTO TERMICO LTDA", "102100", "METANOL TAMBOR 200 L ", "000232", "FERNA' is too long. Maximum length is 128.
  (line 1): The identifier that starts with '"010271   212356", "2020-08-10", "027", "MAC COATINGS IND TINTAS QUIMICAS EIRELI", "100598", "ACETONA  L  GRANEL              ",' is too long. Maximum length is 128.
  (line 1): The identifier that starts with '"010011   212362", "2020-08-10", "001", "STANDARD CHEMICAL IND QUIMICA LTDA", "000464", "ALCOOL HIDRATADO L  GRANEL", "000041", ' is too long. Maximum length is 128.
  (line 1): The identifier that starts with '"010011   212363", "2020-08-10", "001", "BETEL IND. DE PRODUTOS QUIMICOS LTDA", "102100", "METANOL TAMBOR 200 L ", "000041", "AN' is too long. Maximum length is 128.
  (line 1): The identifier that starts with '"010011   212316", "2020-08-10", "001", "BIOSUMOS COMERCIO PARA LABORATORIOS LTDA", "102903", "SOLVENTE XILENO GALAO 5 L", "0000' is too long. Maximum length is 128.
  (line 1): The identifier that starts with '"010011   212452", "2020-08-11", "001", "TDK ELECTRONICS DO BRASIL LTDA", "100598", "ACETONA  L  GRANEL              ", "000232"' is too long. Maximum length is 128.
  (line 1): The identifier that starts with '"010011   212365", "2020-08-10", "001", "TECNO AR LOC DE COMPRESSORES E EQUIP LTD", "200800", "THINNER 2002 TAMBOR 200 L", "0002' is too long. Maximum length is 128.
  (line 1): The identifier that starts with '"010271   212361", "2020-08-10", "027", "HIDRATH INDUSTRIA DE COSMETICOS LTDA", "100399", "ACETATO DE ETILA  L  GRANEL", "000102' is too long. Maximum length is 128.
  (line 1): The identifier that starts with '"010011   212323", "2020-08-10", "001", "LIMPEX IND E COM DETERGENTE LTDA", "100700", "ALCOOL HIDRATADO TAMBOR 200 L     ", "000' is too long. Maximum length is 128.
  (line 1): The identifier that starts with '"010011   212442", "2020-08-11", "001", "BASY QUIMICA INDUSTRIA E COMERCIO LTDA", "100797", "ALCOOL HIDRATADO BOMBONA 200 L", "0' is too long. Maximum length is 128.
  (line 1): The identifier that starts with '"010011   212336", "2020-08-10", "001", "FIBERMEYER IND E COM DE ART DE FIBERG LT", "000964", "DILUENTE GEL 59    TAMBOR 200 L",' is too long. Maximum length is 128.
  (line 1): The identifier that starts with '"010011   212444", "2020-08-11", "001", "QGS QUIMICA DO BRASIL LTDA", "010006", "ALCOOL HIDRATADO BOMBONA 50 L", "000232", "FERN' is too long. Maximum length is 128.
  (line 1): The identifier that starts with '"010011   212444", "2020-08-11", "001", "QGS QUIMICA DO BRASIL LTDA", "001100", "ALCOOL ETILICO ANIDRO BOMBONA 200 L    ", "0002' is too long. Maximum length is 128.
  (line 1): The identifier that starts with '"010011   212314", "2020-08-10", "001", "ENIO DE CARVALHO FERREIRA - ME ", "201348", "DILUENTE GEL POLIESTER ELO A BOMBONA 50 L"' is too long. Maximum length is 128.
  (line 1): The identifier that starts with '"010271   212356", "2020-08-10", "027", "MAC COATINGS IND TINTAS QUIMICAS EIRELI", "100399", "ACETATO DE ETILA  L  GRANEL", "000' is too long. Maximum length is 128.
  (line 1): The identifier that starts with '"010271   212360", "2020-08-10", "027", "ENDUTEX BRASIL LTDA", "000325", "SOLVENTE TOLUENO - KG", "000102", "EDSON VEND 1", "000' is too long. Maximum length is 128.
  (line 1): The identifier that starts with '"010011   212363", "2020-08-10", "001", "BETEL IND. DE PRODUTOS QUIMICOS LTDA", "100797", "ALCOOL HIDRATADO BOMBONA 200 L", "000' is too long. Maximum length is 128.
  (line 1): The identifier that starts with '["010011   212379", "2020-08-10", "001", "FREE TINTAS LTDA", "203500", "THINNER SUJO TAMBOR 200 L", "000182", "WAGNER VEND 01", ' is too long. Maximum length is 128.
; Expression: $@select count(*) from [["010011   212379", "2020-08-10", "001", "FREE TINTAS LTDA", "203500", "THINNER SUJO TAMBOR 200 L", "000182", "WAGNER VEND 01", "000018", "WAGNER NUNES", 275, 5, 55, , "-6.602967", , , -1815,8161, 2012, "0.2725090909090909", "3615.980219", 0, 3,8761, "FOB", "28 DD", "12.149018", "723.196043"], ["010011   212363", "2020-08-10", "001", "BETEL IND. DE PRODUTOS QUIMICOS LTDA", "100797", "ALCOOL HIDRATADO BOMBONA 200 L", "000041", "ANDERSON VEND 01", "000040", "ANDERSON", 596, 1, 596, , "0.039554", , , "23.5747561", 454,08, 0,12, "705.500343", "37.3663439", 9,4589, "CIF", "28, 35 DD", "0.183725", "705.500343"], ["010271   212360", "2020-08-10", "027", "ENDUTEX BRASIL LTDA", "000325", "SOLVENTE TOLUENO - KG", "000102", "EDSON VEND 1", "000043", "MICHELINE", 3836,56, 868, 4,42, 6,67, "0.039601", "0.33733133434", "0.370602", 151,9333, 2676,7384, "0.2125002606501657", "4646.733459", 115,1342, 77,4841, "CIF", "40 DD", "0.211171", "5.353379"], ["010271   212356", "2020-08-10", "027", "MAC COATINGS IND TINTAS QUIMICAS EIRELI", "100399", "ACETATO DE ETILA  L  GRANEL", "000102", "EDSON VEND 1", "000043", "MICHELINE", 10980, 1500, 7,32, 10,19, "0.078465", "0.28164867518", "0.303026", "861.5513874", 7458,45, 0,2125, "12607.609089", "210.8803126", 115,8683, "CIF", "7,14,21,28,35 DD", "0.148233", "8.405072"], ["010011   212314", "2020-08-10", "001", "ENIO DE CARVALHO FERREIRA - ME ", "201348", "DILUENTE GEL POLIESTER ELO A BOMBONA 50 L", "000232", "FERNANDA VEND 1", "000023", "FERNANDA", 370, 1, 370, 467,1187, "0.081612", "0.20791010936", "0.301406", 30,1967, 188,64, "0.2905135135135135", "430.619312", 40,815, 2,8583, "CIF", "14 DD", "0.163835", "430.619312"], ["010011   212444", "2020-08-11", "001", "QGS QUIMICA DO BRASIL LTDA", "001100", "ALCOOL ETILICO ANIDRO BOMBONA 200 L    ", "000232", "FERNANDA VEND 1", "000023", "FERNANDA", 650, 1, 650, , "0.095074", , , 61,7983, 501,04, 0,12, "718.593943", 0, 9,1617, "CIF", "28 DD", "0.105529", "718.593943"], ["010011   212444", "2020-08-11", "001", "QGS QUIMICA DO BRASIL LTDA", "010006", "ALCOOL HIDRATADO BOMBONA 50 L", "000232", "FERNANDA VEND 1", "000023", "FERNANDA", 160, 1, 160, 234,59, "0.097561", "0.31795899229", "0.327573", 15,6098, 122,935, 0,12, "176.324225", 0, 2,2552, "CIF", "28 DD", "0.102026", "176.324225"], ["010011   212336", "2020-08-10", "001", "FIBERMEYER IND E COM DE ART DE FIBERG LT", "000964", "DILUENTE GEL 59    TAMBOR 200 L", "000232", "FERNANDA VEND 1", "000023", "FERNANDA", 1267, 1, 1267, 1689,24, "0.107788", "0.24995856125", "0.299681", 136,568, 701,18, "0.2725019731649565", "1408.385253", 59,3938, 24,5982, "CIF", "28, 42 DD", "0.11159", "1408.385253"], ["010011   212442", "2020-08-11", "001", "BASY QUIMICA INDUSTRIA E COMERCIO LTDA", "100797", "ALCOOL HIDRATADO BOMBONA 200 L", "000041", "ANDERSON VEND 01", "000040", "ANDERSON", 2950, 5, 590, , "0.109372", , , 322,6493, 2270,4, 0,12, "3201.902394", 0, 2,9507, "CIF", "02 DD", "0.08539", "640.380478"], ["010011   212323", "2020-08-10", "001", "LIMPEX IND E COM DETERGENTE LTDA", "100700", "ALCOOL HIDRATADO TAMBOR 200 L     ", "000062", "RAUTER QUIMICA  - LOJA VEN 1", "000006", "RAUTER QUIMICA LTDA - LOJA", 2780, 5, 556, 762,17, "0.109525", "0.27050395582", "0.282082", 304,4795, 2097,8, 0,12, "3016.789436", 0, 44,1205, "FOB", "21,28,35,42 DD", "0.085176", "603.357887"], ["010271   212361", "2020-08-10", "027", "HIDRATH INDUSTRIA DE COSMETICOS LTDA", "100399", "ACETATO DE ETILA  L  GRANEL", "000102", "EDSON VEND 1", "000040", "ANDERSON", 3865, 500, 7,73, 10,19, "0.12119", "0.24141315015", "0.258909", "468.4005072", 2486,15, "0.2124993531694695", "4170.504931", "69.7709928", 19,3685, "CIF", "10 DD", "0.079043", "8.341009"], ["010011   212365", "2020-08-10", "001", "TECNO AR LOC DE COMPRESSORES E EQUIP LTD", "200800", "THINNER 2002 TAMBOR 200 L", "000232", "FERNANDA VEND 1", "000023", "FERNANDA", 1060, 1, 1060, 1499,03, "0.123875", "0.29287605986", "0.34303", 131,3083, 564,66, 0,2725, "1147.698116", 58,747, 16,4347, "CIF", "28 DD", "0.082734", "1147.698116"], ["010011   212452", "2020-08-11", "001", "TDK ELECTRONICS DO BRASIL LTDA", "100598", "ACETONA  L  GRANEL              ", "000232", "FERNANDA VEND 1", "000023", "FERNANDA", 2996, 400, 7,49, 10,5, "0.125234", "0.28666666667", "0.296722", 375,2016, 1762,16, 0,2725, "3236.571121", 0, 42,2284, "CIF", "28 DD", "0.080297", "8.091427"], ["010011   212316", "2020-08-10", "001", "BIOSUMOS COMERCIO PARA LABORATORIOS LTDA", "102903", "SOLVENTE XILENO GALAO 5 L", "000062", "RAUTER QUIMICA  - LOJA VEN 1", "000006", "RAUTER QUIMICA LTDA - LOJA", 1618,68, 7, 231,24, 285,72, "0.127311", "0.19067618648", "0.228875", 206,0762, 895,1166, "0.2724998146638001", "1742.62507", 53,582, 22,8152, "CIF", "28 DD", "0.076571", "248.946438"], ["010011   212363", "2020-08-10", "001", "BETEL IND. DE PRODUTOS QUIMICOS LTDA", "102100", "METANOL TAMBOR 200 L ", "000041", "ANDERSON VEND 01", "000040", "ANDERSON", 510, 1, 510, 651,2, "0.129904", "0.21683046684", "0.278361", "66.251344", 264,7, "0.2725098039215686", "546.679848", "31.974556", 8,0941, "CIF", "28, 35 DD", "0.071921", "546.679848"], ["010011   212362", "2020-08-10", "001", "STANDARD CHEMICAL IND QUIMICA LTDA", "000464", "ALCOOL HIDRATADO L  GRANEL", "000041", "ANDERSON VEND 01", "000040", "ANDERSON", 2850, 1000, 2,85, 3,81, "0.131104", "0.25196850394", "0.292009", 373,6481, 1981,8, 0,12, "3006.129436", 107,3204, 45,2315, "CIF", "28, 35 DD", "0.054782", "3.006129"], ["010271   212356", "2020-08-10", "027", "MAC COATINGS IND TINTAS QUIMICAS EIRELI", "100598", "ACETONA  L  GRANEL              ", "000102", "EDSON VEND 1", "000043", "MICHELINE", 3550, 500, 7,1, 9,29, "0.137261", "0.235737352", "0.258481", "487.2772068", 2202,7, "0.2125014084507042", "3738.215478", "68.1807932", 37,462, "CIF", "7,14,21,28,35 DD", "0.053018", "7.47643"], ["010011   212335", "2020-08-10", "001", "INDUTHERM TRATAMENTO TERMICO LTDA", "102100", "METANOL TAMBOR 200 L ", "000232", "FERNANDA VEND 1", "000023", "FERNANDA", 1518, 3, 506, 651,2, "0.143437", "0.22297297298", "0.270323", 217,7377, 794,1, "0.2725032938076416", "1590.327422", 71,1062, 21,3961, "CIF", "21,28,35 DD", "0.047646", "530.10914"], ["010011   212312", "2020-08-10", "001", "GETTI QUIMICA LTDA", "101298", "DIACETONA ALCOOL   KG", "000041", "ANDERSON VEND 01", "000040", "ANDERSON", 758,11, 47, 16,13, 17,17, "0.14924", "0.06057076296", "0.134079", 113,1404, 379,0597, "0.2725066283257047", "786.34047", 48,6344, 10,6855, "CIF", "28 DD", "0.037237", "16.730648"], ["010011   212352", "2020-08-10", "001", "FREE TINTAS LTDA", "103109", "N-BUTANOL TAMBOR 200 L ", "000182", "WAGNER VEND 01", "000018", "WAGNER NUNES", 2040, 1, 2040, 2836,87, "0.157663", "0.28089760899", "0.310249", "321.6339302", 1079,2, 0,2725, "2085.140932", "43.6256698", 39,6404, "CIF", "28,35,42,49 DD", "0.022127", "2085.140932"], ["010011   212324", "2020-08-10", "001", "QUIMECO QUÍMICA ECOLÓGICA LTDA ME", "102100", "METANOL TAMBOR 200 L ", "000232", "FERNANDA VEND 1", "000023", "FERNANDA", 550, 1, 550, 651,2, "0.157792", "0.15540540541", "0.23009", 86,7859, 264,7, "0.2725090909090909", "562.043425", 48,6341, 0, "CIF", "À VISTA DEPÓSITO", "0.021897", "562.043425"]]$; Pos: 7198
11082020-17:32:07 -> TActivityParser.DoParseExpression: Exception ocurred on execution: TOleDBConnection: OLEDB Error 80040E14 -   (line 1): Incorrect syntax near '"010011   212324", "2020-08-10", "001", "QUIMECO QUÍMICA ECOLÓGICA LTDA ME", "102100", "METANOL TAMBOR 200 L ", "000232", "FERNA'.
  (line 1): Unclosed quotation mark after the character string '"010011   212324", "2020-08-10", "001", "QUIMECO QUÍMICA ECOLÓGICA LTDA ME", "102100", "METANOL TAMBOR 200 L ", "000232", "FERNAN'.
  (line 1): The identifier that starts with '"010011   212324", "2020-08-10", "001", "QUIMECO QUÍMICA ECOLÓGICA LTDA ME", "102100", "METANOL TAMBOR 200 L ", "000232", "FERNA' is too long. Maximum length is 128.
  (line 1): The identifier that starts with '"010011   212352", "2020-08-10", "001", "FREE TINTAS LTDA", "103109", "N-BUTANOL TAMBOR 200 L ", "000182", "WAGNER VEND 01", "00' is too long. Maximum length is 128.
  (line 1): The identifier that starts with '"010011   212312", "2020-08-10", "001", "GETTI QUIMICA LTDA", "101298", "DIACETONA ALCOOL   KG", "000041", "ANDERSON VEND 01", "' is too long. Maximum length is 128.
  (line 1): The identifier that starts with '"010011   212335", "2020-08-10", "001", "INDUTHERM TRATAMENTO TERMICO LTDA", "102100", "METANOL TAMBOR 200 L ", "000232", "FERNA' is too long. Maximum length is 128.
  (line 1): The identifier that starts with '"010271   212356", "2020-08-10", "027", "MAC COATINGS IND TINTAS QUIMICAS EIRELI", "100598", "ACETONA  L  GRANEL              ",' is too long. Maximum length is 128.
  (line 1): The identifier that starts with '"010011   212362", "2020-08-10", "001", "STANDARD CHEMICAL IND QUIMICA LTDA", "000464", "ALCOOL HIDRATADO L  GRANEL", "000041", ' is too long. Maximum length is 128.
  (line 1): The identifier that starts with '"010011   212363", "2020-08-10", "001", "BETEL IND. DE PRODUTOS QUIMICOS LTDA", "102100", "METANOL TAMBOR 200 L ", "000041", "AN' is too long. Maximum length is 128.
  (line 1): The identifier that starts with '"010011   212316", "2020-08-10", "001", "BIOSUMOS COMERCIO PARA LABORATORIOS LTDA", "102903", "SOLVENTE XILENO GALAO 5 L", "0000' is too long. Maximum length is 128.
  (line 1): The identifier that starts with '"010011   212452", "2020-08-11", "001", "TDK ELECTRONICS DO BRASIL LTDA", "100598", "ACETONA  L  GRANEL              ", "000232"' is too long. Maximum length is 128.
  (line 1): The identifier that starts with '"010011   212365", "2020-08-10", "001", "TECNO AR LOC DE COMPRESSORES E EQUIP LTD", "200800", "THINNER 2002 TAMBOR 200 L", "0002' is too long. Maximum length is 128.
  (line 1): The identifier that starts with '"010271   212361", "2020-08-10", "027", "HIDRATH INDUSTRIA DE COSMETICOS LTDA", "100399", "ACETATO DE ETILA  L  GRANEL", "000102' is too long. Maximum length is 128.
  (line 1): The identifier that starts with '"010011   212323", "2020-08-10", "001", "LIMPEX IND E COM DETERGENTE LTDA", "100700", "ALCOOL HIDRATADO TAMBOR 200 L     ", "000' is too long. Maximum length is 128.
  (line 1): The identifier that starts with '"010011   212442", "2020-08-11", "001", "BASY QUIMICA INDUSTRIA E COMERCIO LTDA", "100797", "ALCOOL HIDRATADO BOMBONA 200 L", "0' is too long. Maximum length is 128.
  (line 1): The identifier that starts with '"010011   212336", "2020-08-10", "001", "FIBERMEYER IND E COM DE ART DE FIBERG LT", "000964", "DILUENTE GEL 59    TAMBOR 200 L",' is too long. Maximum length is 128.
  (line 1): The identifier that starts with '"010011   212444", "2020-08-11", "001", "QGS QUIMICA DO BRASIL LTDA", "010006", "ALCOOL HIDRATADO BOMBONA 50 L", "000232", "FERN' is too long. Maximum length is 128.
  (line 1): The identifier that starts with '"010011   212444", "2020-08-11", "001", "QGS QUIMICA DO BRASIL LTDA", "001100", "ALCOOL ETILICO ANIDRO BOMBONA 200 L    ", "0002' is too long. Maximum length is 128.
  (line 1): The identifier that starts with '"010011   212314", "2020-08-10", "001", "ENIO DE CARVALHO FERREIRA - ME ", "201348", "DILUENTE GEL POLIESTER ELO A BOMBONA 50 L"' is too long. Maximum length is 128.
  (line 1): The identifier that starts with '"010271   212356", "2020-08-10", "027", "MAC COATINGS IND TINTAS QUIMICAS EIRELI", "100399", "ACETATO DE ETILA  L  GRANEL", "000' is too long. Maximum length is 128.
  (line 1): The identifier that starts with '"010271   212360", "2020-08-10", "027", "ENDUTEX BRASIL LTDA", "000325", "SOLVENTE TOLUENO - KG", "000102", "EDSON VEND 1", "000' is too long. Maximum length is 128.
  (line 1): The identifier that starts with '"010011   212363", "2020-08-10", "001", "BETEL IND. DE PRODUTOS QUIMICOS LTDA", "100797", "ALCOOL HIDRATADO BOMBONA 200 L", "000' is too long. Maximum length is 128.
  (line 1): The identifier that starts with '["010011   212379", "2020-08-10", "001", "FREE TINTAS LTDA", "203500", "THINNER SUJO TAMBOR 200 L", "000182", "WAGNER VEND 01", ' is too long. Maximum length is 128.
; Expression: $@select count(*) from [["010011   212379", "2020-08-10", "001", "FREE TINTAS LTDA", "203500", "THINNER SUJO TAMBOR 200 L", "000182", "WAGNER VEND 01", "000018", "WAGNER NUNES", 275, 5, 55, , "-6.602967", , , -1815,8161, 2012, "0.2725090909090909", "3615.980219", 0, 3,8761, "FOB", "28 DD", "12.149018", "723.196043"], ["010011   212363", "2020-08-10", "001", "BETEL IND. DE PRODUTOS QUIMICOS LTDA", "100797", "ALCOOL HIDRATADO BOMBONA 200 L", "000041", "ANDERSON VEND 01", "000040", "ANDERSON", 596, 1, 596, , "0.039554", , , "23.5747561", 454,08, 0,12, "705.500343", "37.3663439", 9,4589, "CIF", "28, 35 DD", "0.183725", "705.500343"], ["010271   212360", "2020-08-10", "027", "ENDUTEX BRASIL LTDA", "000325", "SOLVENTE TOLUENO - KG", "000102", "EDSON VEND 1", "000043", "MICHELINE", 3836,56, 868, 4,42, 6,67, "0.039601", "0.33733133434", "0.370602", 151,9333, 2676,7384, "0.2125002606501657", "4646.733459", 115,1342, 77,4841, "CIF", "40 DD", "0.211171", "5.353379"], ["010271   212356", "2020-08-10", "027", "MAC COATINGS IND TINTAS QUIMICAS EIRELI", "100399", "ACETATO DE ETILA  L  GRANEL", "000102", "EDSON VEND 1", "000043", "MICHELINE", 10980, 1500, 7,32, 10,19, "0.078465", "0.28164867518", "0.303026", "861.5513874", 7458,45, 0,2125, "12607.609089", "210.8803126", 115,8683, "CIF", "7,14,21,28,35 DD", "0.148233", "8.405072"], ["010011   212314", "2020-08-10", "001", "ENIO DE CARVALHO FERREIRA - ME ", "201348", "DILUENTE GEL POLIESTER ELO A BOMBONA 50 L", "000232", "FERNANDA VEND 1", "000023", "FERNANDA", 370, 1, 370, 467,1187, "0.081612", "0.20791010936", "0.301406", 30,1967, 188,64, "0.2905135135135135", "430.619312", 40,815, 2,8583, "CIF", "14 DD", "0.163835", "430.619312"], ["010011   212444", "2020-08-11", "001", "QGS QUIMICA DO BRASIL LTDA", "001100", "ALCOOL ETILICO ANIDRO BOMBONA 200 L    ", "000232", "FERNANDA VEND 1", "000023", "FERNANDA", 650, 1, 650, , "0.095074", , , 61,7983, 501,04, 0,12, "718.593943", 0, 9,1617, "CIF", "28 DD", "0.105529", "718.593943"], ["010011   212444", "2020-08-11", "001", "QGS QUIMICA DO BRASIL LTDA", "010006", "ALCOOL HIDRATADO BOMBONA 50 L", "000232", "FERNANDA VEND 1", "000023", "FERNANDA", 160, 1, 160, 234,59, "0.097561", "0.31795899229", "0.327573", 15,6098, 122,935, 0,12, "176.324225", 0, 2,2552, "CIF", "28 DD", "0.102026", "176.324225"], ["010011   212336", "2020-08-10", "001", "FIBERMEYER IND E COM DE ART DE FIBERG LT", "000964", "DILUENTE GEL 59    TAMBOR 200 L", "000232", "FERNANDA VEND 1", "000023", "FERNANDA", 1267, 1, 1267, 1689,24, "0.107788", "0.24995856125", "0.299681", 136,568, 701,18, "0.2725019731649565", "1408.385253", 59,3938, 24,5982, "CIF", "28, 42 DD", "0.11159", "1408.385253"], ["010011   212442", "2020-08-11", "001", "BASY QUIMICA INDUSTRIA E COMERCIO LTDA", "100797", "ALCOOL HIDRATADO BOMBONA 200 L", "000041", "ANDERSON VEND 01", "000040", "ANDERSON", 2950, 5, 590, , "0.109372", , , 322,6493, 2270,4, 0,12, "3201.902394", 0, 2,9507, "CIF", "02 DD", "0.08539", "640.380478"], ["010011   212323", "2020-08-10", "001", "LIMPEX IND E COM DETERGENTE LTDA", "100700", "ALCOOL HIDRATADO TAMBOR 200 L     ", "000062", "RAUTER QUIMICA  - LOJA VEN 1", "000006", "RAUTER QUIMICA LTDA - LOJA", 2780, 5, 556, 762,17, "0.109525", "0.27050395582", "0.282082", 304,4795, 2097,8, 0,12, "3016.789436", 0, 44,1205, "FOB", "21,28,35,42 DD", "0.085176", "603.357887"], ["010271   212361", "2020-08-10", "027", "HIDRATH INDUSTRIA DE COSMETICOS LTDA", "100399", "ACETATO DE ETILA  L  GRANEL", "000102", "EDSON VEND 1", "000040", "ANDERSON", 3865, 500, 7,73, 10,19, "0.12119", "0.24141315015", "0.258909", "468.4005072", 2486,15, "0.2124993531694695", "4170.504931", "69.7709928", 19,3685, "CIF", "10 DD", "0.079043", "8.341009"], ["010011   212365", "2020-08-10", "001", "TECNO AR LOC DE COMPRESSORES E EQUIP LTD", "200800", "THINNER 2002 TAMBOR 200 L", "000232", "FERNANDA VEND 1", "000023", "FERNANDA", 1060, 1, 1060, 1499,03, "0.123875", "0.29287605986", "0.34303", 131,3083, 564,66, 0,2725, "1147.698116", 58,747, 16,4347, "CIF", "28 DD", "0.082734", "1147.698116"], ["010011   212452", "2020-08-11", "001", "TDK ELECTRONICS DO BRASIL LTDA", "100598", "ACETONA  L  GRANEL              ", "000232", "FERNANDA VEND 1", "000023", "FERNANDA", 2996, 400, 7,49, 10,5, "0.125234", "0.28666666667", "0.296722", 375,2016, 1762,16, 0,2725, "3236.571121", 0, 42,2284, "CIF", "28 DD", "0.080297", "8.091427"], ["010011   212316", "2020-08-10", "001", "BIOSUMOS COMERCIO PARA LABORATORIOS LTDA", "102903", "SOLVENTE XILENO GALAO 5 L", "000062", "RAUTER QUIMICA  - LOJA VEN 1", "000006", "RAUTER QUIMICA LTDA - LOJA", 1618,68, 7, 231,24, 285,72, "0.127311", "0.19067618648", "0.228875", 206,0762, 895,1166, "0.2724998146638001", "1742.62507", 53,582, 22,8152, "CIF", "28 DD", "0.076571", "248.946438"], ["010011   212363", "2020-08-10", "001", "BETEL IND. DE PRODUTOS QUIMICOS LTDA", "102100", "METANOL TAMBOR 200 L ", "000041", "ANDERSON VEND 01", "000040", "ANDERSON", 510, 1, 510, 651,2, "0.129904", "0.21683046684", "0.278361", "66.251344", 264,7, "0.2725098039215686", "546.679848", "31.974556", 8,0941, "CIF", "28, 35 DD", "0.071921", "546.679848"], ["010011   212362", "2020-08-10", "001", "STANDARD CHEMICAL IND QUIMICA LTDA", "000464", "ALCOOL HIDRATADO L  GRANEL", "000041", "ANDERSON VEND 01", "000040", "ANDERSON", 2850, 1000, 2,85, 3,81, "0.131104", "0.25196850394", "0.292009", 373,6481, 1981,8, 0,12, "3006.129436", 107,3204, 45,2315, "CIF", "28, 35 DD", "0.054782", "3.006129"], ["010271   212356", "2020-08-10", "027", "MAC COATINGS IND TINTAS QUIMICAS EIRELI", "100598", "ACETONA  L  GRANEL              ", "000102", "EDSON VEND 1", "000043", "MICHELINE", 3550, 500, 7,1, 9,29, "0.137261", "0.235737352", "0.258481", "487.2772068", 2202,7, "0.2125014084507042", "3738.215478", "68.1807932", 37,462, "CIF", "7,14,21,28,35 DD", "0.053018", "7.47643"], ["010011   212335", "2020-08-10", "001", "INDUTHERM TRATAMENTO TERMICO LTDA", "102100", "METANOL TAMBOR 200 L ", "000232", "FERNANDA VEND 1", "000023", "FERNANDA", 1518, 3, 506, 651,2, "0.143437", "0.22297297298", "0.270323", 217,7377, 794,1, "0.2725032938076416", "1590.327422", 71,1062, 21,3961, "CIF", "21,28,35 DD", "0.047646", "530.10914"], ["010011   212312", "2020-08-10", "001", "GETTI QUIMICA LTDA", "101298", "DIACETONA ALCOOL   KG", "000041", "ANDERSON VEND 01", "000040", "ANDERSON", 758,11, 47, 16,13, 17,17, "0.14924", "0.06057076296", "0.134079", 113,1404, 379,0597, "0.2725066283257047", "786.34047", 48,6344, 10,6855, "CIF", "28 DD", "0.037237", "16.730648"], ["010011   212352", "2020-08-10", "001", "FREE TINTAS LTDA", "103109", "N-BUTANOL TAMBOR 200 L ", "000182", "WAGNER VEND 01", "000018", "WAGNER NUNES", 2040, 1, 2040, 2836,87, "0.157663", "0.28089760899", "0.310249", "321.6339302", 1079,2, 0,2725, "2085.140932", "43.6256698", 39,6404, "CIF", "28,35,42,49 DD", "0.022127", "2085.140932"], ["010011   212324", "2020-08-10", "001", "QUIMECO QUÍMICA ECOLÓGICA LTDA ME", "102100", "METANOL TAMBOR 200 L ", "000232", "FERNANDA VEND 1", "000023", "FERNANDA", 550, 1, 550, 651,2, "0.157792", "0.15540540541", "0.23009", 86,7859, 264,7, "0.2725090909090909", "562.043425", 48,6341, 0, "CIF", "À VISTA DEPÓSITO", "0.021897", "562.043425"]]$; Pos: 7198
12082020-11:59:37 -> Element EnvioDeEmail.Titulo: Invalid expression "{@Consulta.Count} Vendas com margem abaixo de 16% em {$@select dbo.DataPorExtenso(getdate()-1)$}".
13082020-10:39:20 -> Element EnvioDeEmail.Titulo: Invalid expression "{@Consulta.Count} Vendas com margem abaixo de 16% em {$@select dbo.DataPorExtenso(getdate()-1)$}".
13082020-10:39:31 -> Element EnvioDeEmail.Titulo: Invalid expression "{@Consulta.Count} Vendas com margem abaixo de 16% em {$@select dbo.DataPorExtenso(getdate()-1)$}".
13082020-11:38:48 -> Element Email.Destinatarios: Invalid expression $@select email from Vendedor where CodVendedor={@EnviaEmailMetaEquipa.CodVendedorLider}$.
13082020-11:39:11 -> Element Email.Destinatarios: Invalid expression $@select email from Vendedor where CodVendedor={@EnviaEmailMetaEquipa.CodVendedorLider}$.
13082020-11:41:14 -> TActivityParser.DoParseExpression: Exception ocurred on execution: TOleDBConnection: OLEDB Error 80040E14 -   (line 1): Incorrect syntax near '='.
; Expression: ["marcelo@rauter.com.br", $@select email from Vendedor where CodVendedor=$]; Pos: 75
13082020-12:09:14 -> TActivityParser.DoParseExpression: Exception ocurred on execution: TOleDBConnection: OLEDB Error 80040E14 -   (line 1): Incorrect syntax near '='.
; Expression: ["marcelo@rauter.com.br", $@select email from Vendedor where CodVendedor=$]; Pos: 75
13082020-12:12:41 -> Could not convert variant of type (Null) into type (OleStr)
13082020-12:18:37 -> Could not convert variant of type (Null) into type (OleStr)
13082020-12:19:19 -> Could not convert variant of type (Null) into type (OleStr)
13082020-12:21:26 -> Error: no valid recipients

13082020-15:44:28 -> TActivityParser.DoParseExpression: Exception ocurred on execution: TOleDBConnection: OLEDB Error 80040E14 -   (line 1): Argument data type varchar is invalid for argument 1 of format function.
; Expression: $@SELECT Format(Perc_Realizado_Vendas, 'P1') FROM ( SELECT 1 as Todos,'GERAL' as NomeVendedor2,474666.3 as Tot_Venda,'595180.952380951' as Meta_Venda,'0.797515' as Perc_Realizado_Vendas,'0.162115' as DescontoMedio,'0.835654' as Perc_Realizado_Margem,'0.178129' as Perc_Margem,0.17 as Perc_Meta UNION SELECT 1,'FERNANDA                      ',132086.1,'265120.761904761','0.498211','0.096474','0.545883','0.186266',0.17 UNION SELECT 1,'ANDERSON                      ',190834.68,'233453.714285714','0.817441','0.140688','0.913856','0.190051',0.17 UNION SELECT 1,'MICHELINE                     ',151745.52,'96606.476190476','1.570759','0.234863','1.441901','0.156053',0.17)X where NomeVendedor2 = 'GERAL' $; Pos: 704
13082020-18:05:40 -> List index out of bounds (-1)
13082020-18:09:30 -> Element Email.Titulo: Invalid expression "{@ConsultaVendasDescontoAlto.Count} Vendas com desconto alto. .
13082020-18:09:48 -> Element Email.Titulo: Invalid expression "Vendas com desconto alto. .
13082020-18:13:15 -> List index out of bounds (-1)
13082020-18:14:26 -> TActivityParser.DoParseExpression: Exception ocurred on execution: TOleDBConnection: OLEDB Error 80040E14 -   (line 1): Incorrect syntax near '='.
; Expression: ["marcelo@rauter.com.br", $@select email from vendedor where codvendedor = $]; Pos: 77
13082020-18:21:02 -> TActivityParser.DoParseExpression: Exception ocurred on execution: TOleDBConnection: OLEDB Error 80040E14 -   (line 1): Incorrect syntax near '='.
; Expression: ["marcelo@rauter.com.br", $@select email from vendedor where codvendedor = $]; Pos: 77
13082020-18:46:09 -> Element Email.Titulo: Invalid expression "{@VendasDescontoAltoOntem.Count} vendas com desconto alto ontem. Meta faturamento {$@select top 1 Format(PERC_REALIZADO_VENDAS, 'P1') from {@ConsultaMetaVendaEvolutiva.data} order by Dias desc$} EMAIL DE TESTE".
13082020-18:46:53 -> TActivityParser.DoParseExpression: Exception ocurred on execution: TOleDBConnection: OLEDB Error 80040E14 -   (line 1): Invalid column name 'Dias'.
; Expression: $@select top 1 Format(PERC_REALIZADO_VENDAS, 'P1') from ( SELECT 1 as Todos,'000040' as CODVENDEDOR2,'ANDERSON' as NOMEVENDEDOR2,3 as Dia,14825.7 as TOT_VENDA,29181.714285714 as META_VENDA,0.508047 as PERC_REALIZADO_VENDAS,3512.4699002 as MARGEM,4960.89142857 as MARGEM_META,0.708032 as PERC_REALIZADO_MARGEM,0.236917 as PERC_MARGEM,0.17 as PERC_META,14236.0239002 as ValorMenosCustos,16685.36 as PrecoTotalLista,0.146796 as DescontoMedio UNION SELECT 1,'000040','ANDERSON',4,46208.5,58363.428571428,0.791737,9357.6443006,9921.78285714,0.943141,0.202509,0.17,43879.7611006,55251.3,0.205815 UNION SELECT 1,'000040','ANDERSON',5,81482.92,87545.142857142,0.930753,15324.6605012,14882.67428571,1.029698,0.188072,0.17,77508.4807012,98209.49,0.210785 UNION SELECT 1,'000040','ANDERSON',6,104923.89,116726.857142857,0.898883,20091.1836016,19843.56571429,1.012478,0.191483,0.17,99900.3039016,126282.66,0.208916 UNION SELECT 1,'000040','ANDERSON',7,121029.65,145908.571428571,0.829489,22965.6500017,24804.45714286,0.925867,0.189752,0.17,114928.8583017,141717.96,0.189032 UNION SELECT 1,'000040','ANDERSON',8,121029.65,145908.571428571,0.829489,22965.6500017,24804.45714286,0.925867,0.189752,0.17,114928.8583017,141717.96,0.189032 UNION SELECT 1,'000040','ANDERSON',9,121029.65,145908.571428571,0.829489,22965.6500017,24804.45714286,0.925867,0.189752,0.17,114928.8583017,141717.96,0.189032 UNION SELECT 1,'000040','ANDERSON',10,146273.76,175090.285714285,0.835419,27869.229002,29765.34857143,0.936297,0.190527,0.17,139087.797002,172176.29,0.192178 UNION SELECT 1,'000040','ANDERSON',11,167178,204272,0.818408,31485.0616022,34726.24,0.906664,0.188332,0.17,158151.3347022,183180.75,0.136638 UNION SELECT 1,'000040','ANDERSON',12,190834.68,233453.714285714,0.817441,36268.3590025,39687.13142857,0.913856,0.190051,0.17,180658.0377025,210235.5,0.140688)X order by Dias desc$; Pos: 1860
13082020-18:48:39 -> TActivityParser.DoParseExpression: Exception ocurred on execution: TOleDBConnection: OLEDB Error 80040E14 -   (line 1): Invalid column name 'Dias'.
; Expression: $@select top 1 Format(PERC_REALIZADO_VENDAS, 'P1') from ( SELECT 1 as Todos,'000040' as CODVENDEDOR2,'ANDERSON' as NOMEVENDEDOR2,3 as Dia,14825.7 as TOT_VENDA,29181.714285714 as META_VENDA,0.508047 as PERC_REALIZADO_VENDAS,3512.4699002 as MARGEM,4960.89142857 as MARGEM_META,0.708032 as PERC_REALIZADO_MARGEM,0.236917 as PERC_MARGEM,0.17 as PERC_META,14236.0239002 as ValorMenosCustos,16685.36 as PrecoTotalLista,0.146796 as DescontoMedio UNION SELECT 1,'000040','ANDERSON',4,46208.5,58363.428571428,0.791737,9357.6443006,9921.78285714,0.943141,0.202509,0.17,43879.7611006,55251.3,0.205815 UNION SELECT 1,'000040','ANDERSON',5,81482.92,87545.142857142,0.930753,15324.6605012,14882.67428571,1.029698,0.188072,0.17,77508.4807012,98209.49,0.210785 UNION SELECT 1,'000040','ANDERSON',6,104923.89,116726.857142857,0.898883,20091.1836016,19843.56571429,1.012478,0.191483,0.17,99900.3039016,126282.66,0.208916 UNION SELECT 1,'000040','ANDERSON',7,121029.65,145908.571428571,0.829489,22965.6500017,24804.45714286,0.925867,0.189752,0.17,114928.8583017,141717.96,0.189032 UNION SELECT 1,'000040','ANDERSON',8,121029.65,145908.571428571,0.829489,22965.6500017,24804.45714286,0.925867,0.189752,0.17,114928.8583017,141717.96,0.189032 UNION SELECT 1,'000040','ANDERSON',9,121029.65,145908.571428571,0.829489,22965.6500017,24804.45714286,0.925867,0.189752,0.17,114928.8583017,141717.96,0.189032 UNION SELECT 1,'000040','ANDERSON',10,146273.76,175090.285714285,0.835419,27869.229002,29765.34857143,0.936297,0.190527,0.17,139087.797002,172176.29,0.192178 UNION SELECT 1,'000040','ANDERSON',11,167178,204272,0.818408,31485.0616022,34726.24,0.906664,0.188332,0.17,158151.3347022,183180.75,0.136638 UNION SELECT 1,'000040','ANDERSON',12,190834.68,233453.714285714,0.817441,36268.3590025,39687.13142857,0.913856,0.190051,0.17,180658.0377025,210235.5,0.140688)X order by Dias desc$; Pos: 1860
19082020-15:21:58 -> TOleDBConnection: Erro não especificado -   (line 0): Provedor TCP: Foi forçado o cancelamento de uma conexão existente pelo host remoto.


19082020-15:22:10 -> TOleDBConnection: Erro não especificado - 
19082020-15:22:18 -> TOleDBConnection: Erro não especificado - 
19082020-15:22:33 -> TOleDBConnection: Erro não especificado - 
19082020-15:22:43 -> TOleDBConnection: Erro não especificado - 
19082020-15:22:47 -> TOleDBConnection: Erro não especificado - 
19082020-15:23:02 -> TOleDBConnection: Erro não especificado - 
19082020-15:33:00 -> TOleDBConnection: Erro não especificado - 
19082020-16:33:11 -> TOleDBConnection: Erro não especificado - 
16042021-17:50:25 -> Access violation at address 0141FE4E in module 'Monitor.exe'. Read of address 2E363071
16042021-17:50:28 -> Access violation at address 0141FE4E in module 'Monitor.exe'. Read of address 2E363071
16042021-17:50:29 -> Access violation at address 0141FE4E in module 'Monitor.exe'. Read of address 2E363071
16042021-17:50:30 -> Access violation at address 0141FE4E in module 'Monitor.exe'. Read of address 2E363071
16042021-17:54:38 -> Access violation at address 0148087C in module 'Monitor.exe'. Read of address 2E363071
16042021-17:55:01 -> Access violation at address 0148087C in module 'Monitor.exe'. Read of address 2E363071
16042021-17:55:17 -> Access violation at address 0148087C in module 'Monitor.exe'. Read of address 2E363071
16042021-17:55:22 -> Access violation at address 0148087C in module 'Monitor.exe'. Read of address 2E363071
16042021-17:55:38 -> Access violation at address 0148087C in module 'Monitor.exe'. Read of address 2E363071
16042021-17:56:08 -> Access violation at address 0148087C in module 'Monitor.exe'. Read of address 2E363071
19042021-18:54:02 -> Socket Error # 10060
Connection timed out.
20042021-19:01:49 -> Socket Error # 11001
Host not found.
