08112018-19:51:23 -> Enviando email consulta: MetaVendedores, para os emails: marcelorauter@rauter.com.br; alessandra@rauter.com.br; ricardo@rauter.com.br
08112018-19:52:08 -> Enviando email consulta: MetaVendedores, para os emails: marcelorauter@rauter.com.br; alessandra@rauter.com.br; ricardo@rauter.com.br
08112018-19:54:23 -> Enviando email consulta: MetaVendedores, para os emails: marcelorauter@rauter.com.br; alessandra@rauter.com.br; ricardo@rauter.com.br
09112018-11:41:32 -> Enviando email consulta: MetaVendedores, para os emails: marcelorauter@rauter.com.br; alessandra@rauter.com.br; ricardo@rauter.com.br
09112018-11:42:14 -> Enviando email consulta: MargemPorVenda, para os emails: marcelorauter@gmail.com
09112018-11:51:02 -> Enviando email consulta: MargemPorVenda, para os emails: marcelorauter@gmail.com
09112018-11:52:48 -> Enviando email consulta: DiferencaOP, para os emails: silvia.muniz@rauter.com.br
12112018-18:55:32 -> Iniciando monitor...
12112018-18:55:32 -> Criando TConSqlServer
12112018-18:55:33 -> Criando TConFirebird
12112018-18:55:33 -> Criando TForm1
12112018-18:55:33 -> Criando TDmSqlUtils
12112018-18:55:33 -> Criando TDmGeradorConsultas
12112018-18:55:33 -> Criando TCon
12112018-18:55:33 -> Inicializando message loop
12112018-19:04:11 -> Iniciando monitor...
12112018-19:04:11 -> Criando TConSqlServer
12112018-19:04:12 -> Criando TConFirebird
12112018-19:04:12 -> Criando TForm1
12112018-19:04:12 -> Criando TDmSqlUtils
12112018-19:04:12 -> Criando TDmGeradorConsultas
12112018-19:04:12 -> Criando TCon
12112018-19:04:12 -> Carregando Gatihlos.xml
12112018-19:04:12 -> Criando Gatilhos
14112018-12:29:16 -> Iniciando monitor...
14112018-12:29:16 -> Criando TConSqlServer
14112018-12:29:16 -> Criando TConFirebird
14112018-12:29:17 -> Criando TForm1
14112018-12:29:17 -> Criando TDmSqlUtils
14112018-12:29:17 -> Criando TDmGeradorConsultas
14112018-12:29:17 -> Criando TCon
14112018-12:29:17 -> Carregando Gatihlos.xml
14112018-12:29:17 -> Criando Gatilhos
14112018-12:38:10 -> Iniciando monitor...
14112018-12:38:10 -> Criando TConSqlServer
14112018-12:38:10 -> Criando TConFirebird
14112018-12:38:11 -> Criando TForm1
14112018-12:38:11 -> Criando TDmSqlUtils
14112018-12:38:11 -> Criando TDmGeradorConsultas
14112018-12:38:11 -> Criando TCon
14112018-12:38:11 -> Carregando Gatihlos.xml
14112018-12:38:11 -> Criando Gatilhos
14112018-12:41:36 -> Enviando email consulta: DiferencaOP, para os emails: marcelorauter@gmail.com
14112018-12:41:39 -> Inicializando message loop
19112018-16:24:45 -> Iniciando monitor...
19112018-16:24:45 -> Criando TConSqlServer
19112018-16:24:46 -> Criando TConFirebird
19112018-16:24:46 -> Criando TForm1
19112018-16:24:46 -> Criando TDmSqlUtils
19112018-16:24:46 -> Criando TDmGeradorConsultas
19112018-16:24:46 -> Criando TCon
19112018-16:24:46 -> Carregando Gatihlos.xml
19112018-16:24:49 -> Enviando email consulta: MetaVendaEvolutivo, para os emails: marcelorauter@gmail.com; alessandra@rauter.com.br; ricardo@rauter.com.br
19112018-16:24:59 -> Inicializando message loop
19112018-16:27:54 -> Iniciando monitor...
19112018-16:27:54 -> Criando TConSqlServer
19112018-16:27:55 -> Criando TConFirebird
19112018-16:27:55 -> Criando TForm1
19112018-16:27:55 -> Criando TDmSqlUtils
19112018-16:27:55 -> Criando TDmGeradorConsultas
19112018-16:27:55 -> Criando TCon
19112018-16:27:55 -> Carregando Gatihlos.xml
19112018-16:28:24 -> Enviando email consulta: MetaVendaEvolutivo, para os emails: marcelorauter@gmail.com; alessandra@rauter.com.br; ricardo@rauter.com.br
19112018-16:28:33 -> Inicializando message loop
22112018-10:21:36 -> Iniciando monitor...
22112018-10:21:36 -> Criando TConSqlServer
22112018-10:21:37 -> Criando TConFirebird
22112018-10:21:37 -> Criando TForm1
22112018-10:21:37 -> Criando TDmSqlUtils
22112018-10:21:37 -> Criando TDmGeradorConsultas
22112018-10:21:37 -> Criando TCon
22112018-10:21:37 -> Carregando Gatihlos.xml
22112018-10:21:37 -> Criando Gatilhos
22112018-10:21:37 -> Gatilhos criados
22112018-10:21:37 -> Inicializando message loop
22112018-10:21:39 -> Enviando email consulta: DiferencaOP, para os emails: marcelorauter@gmail.com;silvia.muniz@rauter.com.br
22112018-10:21:43 -> Enviando email consulta: VendasMargemBaixaOntem, para os emails: marcelorauter@gmail.com; alessandra@rauter.com.br; ricardo@rauter.com.br
23112018-17:22:14 -> Iniciando monitor...
23112018-17:22:14 -> Criando TConSqlServer
23112018-17:22:15 -> Criando TConFirebird
23112018-17:22:15 -> Criando TForm1
23112018-17:22:15 -> Criando TDmSqlUtils
23112018-17:22:15 -> Criando TDmGeradorConsultas
23112018-17:22:15 -> Criando TCon
23112018-17:22:15 -> Carregando Gatihlos.xml
23112018-17:23:13 -> Enviando email consulta: SugestaoAumentoMargem, para os emails: marcelorauter@gmail.com;alessandra@rauter.com.br
23112018-17:23:46 -> Enviando email consulta: SugestaoAumentoMargem, para os emails: marcelorauter@gmail.com;vendas2@rauter.com.br
23112018-17:23:48 -> Enviando email consulta: SugestaoAumentoMargem, para os emails: marcelorauter@gmail.com;vendas1@rauter.com.br
23112018-17:23:50 -> Enviando email consulta: SugestaoAumentoMargem, para os emails: marcelorauter@gmail.com;vendas@rauter.com.br
23112018-17:23:54 -> Enviando email consulta: SugestaoAumentoMargem, para os emails: marcelorauter@gmail.com;jeanete@rauter.com.br
29112018-18:17:25 -> Iniciando monitor...
29112018-18:17:25 -> Criando TConSqlServer
29112018-18:17:25 -> Criando TConFirebird
29112018-18:17:25 -> Criando TForm1
29112018-18:17:25 -> Criando TDmSqlUtils
29112018-18:17:25 -> Criando TDmGeradorConsultas
29112018-18:17:25 -> Criando TCon
29112018-18:17:25 -> Carregando Gatihlos.xml
29112018-18:17:39 -> Enviando email consulta: MetaVendedores, para os emails: marcelorauter@gmail.com
29112018-18:18:28 -> Inicializando message loop
01042019-12:51:55 -> Iniciando monitor...
01042019-12:51:55 -> Criando TConSqlServer
01042019-12:51:56 -> Criando TConFirebird
01042019-12:51:56 -> Criando TForm1
01042019-12:51:56 -> Criando TDmSqlUtils
01042019-12:51:56 -> Criando TDmGeradorConsultas
01042019-12:51:56 -> Criando TCon
01042019-12:53:08 -> Enviando email consulta: MetaVendaEvolutivo, para os emails: marcelorauter@gmail.com;marcelo@rauter.com.br
01042019-12:56:34 -> Iniciando monitor...
01042019-12:56:34 -> Criando TConSqlServer
01042019-12:56:34 -> Criando TConFirebird
01042019-12:56:34 -> Criando TForm1
01042019-12:56:35 -> Criando TDmSqlUtils
01042019-12:56:35 -> Criando TDmGeradorConsultas
01042019-12:56:35 -> Criando TCon
01042019-12:57:58 -> Enviando email consulta: MetaVendaEvolutivo, para os emails: marcelorauter@gmail.com;marcelo@rauter.com.br
05042019-17:45:17 -> Iniciando monitor...
05042019-17:45:17 -> Criando TConSqlServer
05042019-17:45:17 -> Criando TConFirebird
05042019-17:45:18 -> Criando TForm1
05042019-17:45:18 -> Criando TDmSqlUtils
05042019-17:45:18 -> Criando TDmGeradorConsultas
05042019-17:45:18 -> Criando TCon
05042019-17:45:18 -> Carregando Gatihlos.xml
05042019-17:45:18 -> Criando Gatilhos
05042019-17:46:11 -> Inicializando message loop
25042019-12:53:48 -> Iniciando monitor...
25042019-12:53:48 -> Criando TConSqlServer
25042019-12:53:49 -> Criando TConFirebird
25042019-12:53:50 -> Criando TForm1
25042019-12:53:50 -> Criando TDmSqlUtils
25042019-12:53:50 -> Criando TDmGeradorConsultas
25042019-12:53:50 -> Criando TCon
25042019-12:54:41 -> Enviando email consulta: DiaPrevistoFalta, para os emails: marcelorauter@gmail.com
25042019-12:55:06 -> Inicializando message loop
25042019-13:07:40 -> Iniciando monitor...
25042019-13:07:40 -> Criando TConSqlServer
25042019-13:07:40 -> Criando TConFirebird
25042019-13:07:40 -> Criando TForm1
25042019-13:07:40 -> Criando TDmSqlUtils
25042019-13:07:40 -> Criando TDmGeradorConsultas
25042019-13:07:41 -> Criando TCon
25042019-13:08:53 -> Enviando email consulta: DiaPrevistoFalta, para os emails: marcelorauter@gmail.com
25042019-13:09:30 -> Inicializando message loop
25042019-13:12:28 -> Iniciando monitor...
25042019-13:12:28 -> Criando TConSqlServer
25042019-13:12:29 -> Criando TConFirebird
25042019-13:12:29 -> Criando TForm1
25042019-13:12:29 -> Criando TDmSqlUtils
25042019-13:12:29 -> Criando TDmGeradorConsultas
25042019-13:12:29 -> Criando TCon
25042019-13:13:41 -> Iniciando monitor...
25042019-13:13:41 -> Criando TConSqlServer
25042019-13:13:41 -> Criando TConFirebird
25042019-13:13:42 -> Criando TForm1
25042019-13:13:42 -> Criando TDmSqlUtils
25042019-13:13:42 -> Criando TDmGeradorConsultas
25042019-13:13:42 -> Criando TCon
25042019-13:14:28 -> Enviando email consulta: DiaPrevistoFalta, para os emails: marcelorauter@gmail.com; silvia.muniz@rauter.com.br; alessandra@rauter.com.br; ricardo@rauter.com.br
25042019-13:15:15 -> Inicializando message loop
25042019-15:13:53 -> Iniciando monitor...
25042019-15:13:53 -> Criando TConSqlServer
25042019-15:13:53 -> Criando TConFirebird
25042019-15:13:53 -> Criando TForm1
25042019-15:13:54 -> Criando TDmSqlUtils
25042019-15:13:54 -> Criando TDmGeradorConsultas
25042019-15:13:54 -> Criando TCon
29052019-19:31:06 -> Iniciando monitor...
29052019-19:31:06 -> Criando TConSqlServer
29052019-19:31:08 -> Criando TConFirebird
29052019-19:31:08 -> Criando TForm1
29052019-19:31:08 -> Criando TDmSqlUtils
29052019-19:31:08 -> Criando TDmGeradorConsultas
29052019-19:31:08 -> Criando TCon
29052019-19:33:36 -> Iniciando monitor...
29052019-19:33:37 -> Criando TConSqlServer
29052019-19:33:38 -> Criando TConFirebird
29052019-19:33:38 -> Criando TForm1
29052019-19:33:38 -> Criando TDmSqlUtils
29052019-19:33:38 -> Criando TDmGeradorConsultas
29052019-19:33:38 -> Criando TCon
29052019-19:34:57 -> Iniciando monitor...
29052019-19:34:57 -> Criando TConSqlServer
29052019-19:34:58 -> Criando TConFirebird
29052019-19:34:58 -> Criando TForm1
29052019-19:34:58 -> Criando TDmSqlUtils
29052019-19:34:58 -> Criando TDmGeradorConsultas
29052019-19:34:58 -> Criando TCon
29052019-19:35:51 -> Script para atualizar lista de preço incializado.
04062019-12:02:16 -> Iniciando monitor...
04062019-12:02:16 -> Criando TConSqlServer
04062019-12:02:17 -> Criando TConFirebird
04062019-12:02:17 -> Criando TForm1
04062019-12:02:17 -> Criando TDmSqlUtils
04062019-12:02:17 -> Criando TDmGeradorConsultas
04062019-12:02:17 -> Criando TCon
10072019-19:36:38 -> Iniciando monitor...
10072019-19:36:38 -> Criando TConSqlServer
10072019-19:36:39 -> Criando TConFirebird
10072019-19:36:39 -> Criando TForm1
10072019-19:36:39 -> Criando TDmSqlUtils
10072019-19:36:39 -> Criando TDmGeradorConsultas
10072019-19:36:39 -> Criando TCon
10072019-19:37:45 -> Enviando email consulta: MetaVendedores, para os emails: marcelorauter@gmail.com; ricardo@rauter.com.br; silvia.muniz@rauter.com.br
10072019-19:39:04 -> Iniciando monitor...
10072019-19:39:04 -> Criando TConSqlServer
10072019-19:39:04 -> Criando TConFirebird
10072019-19:39:04 -> Criando TForm1
10072019-19:39:04 -> Criando TDmSqlUtils
10072019-19:39:04 -> Criando TDmGeradorConsultas
10072019-19:39:04 -> Criando TCon
10072019-19:40:15 -> Enviando email consulta: CustoMedioTanques, para os emails: marcelorauter@gmail.com; ricardo@rauter.com.br; silvia.muniz@rauter.com.br
